2018-01-08 10:07:48.744  INFO iamjrp
			--- [  restartedMain] c.d.e.EasyNotesApplication               : Starting EasyNotesApplication on iamjrp with PID 3675 (/home/jrp/workspace_1/easy-notes/target/classes started by jrp in /home/jrp/workspace_1/easy-notes)
2018-01-08 10:07:48.748 DEBUG iamjrp
			--- [  restartedMain] c.d.e.EasyNotesApplication               : Running with Spring Boot v1.5.9.RELEASE, Spring v4.3.13.RELEASE
2018-01-08 10:07:48.748  INFO iamjrp
			--- [  restartedMain] c.d.e.EasyNotesApplication               : No active profile set, falling back to default profiles: default
2018-01-08 10:07:49.483  INFO iamjrp
			--- [kground-preinit] o.h.v.i.u.Version                        : HV000001: Hibernate Validator 5.3.6.Final
2018-01-08 10:07:49.638  INFO iamjrp
			--- [  restartedMain] ationConfigEmbeddedWebApplicationContext : Refreshing org.springframework.boot.context.embedded.AnnotationConfigEmbeddedWebApplicationContext@14364898: startup date [Mon Jan 08 10:07:49 IST 2018]; root of context hierarchy
2018-01-08 10:07:52.449  INFO iamjrp
			--- [  restartedMain] trationDelegate$BeanPostProcessorChecker : Bean 'org.springframework.transaction.annotation.ProxyTransactionManagementConfiguration' of type [org.springframework.transaction.annotation.ProxyTransactionManagementConfiguration$$EnhancerBySpringCGLIB$$3cb8d53b] is not eligible for getting processed by all BeanPostProcessors (for example: not eligible for auto-proxying)
2018-01-08 10:07:53.188  INFO iamjrp
			--- [  restartedMain] s.b.c.e.t.TomcatEmbeddedServletContainer : Tomcat initialized with port(s): 8080 (http)
2018-01-08 10:07:53.207  INFO iamjrp
			--- [  restartedMain] o.a.c.c.StandardService                  : Starting service [Tomcat]
2018-01-08 10:07:53.210  INFO iamjrp
			--- [  restartedMain] o.a.c.c.StandardEngine                   : Starting Servlet Engine: Apache Tomcat/8.5.23
2018-01-08 10:07:53.321  INFO iamjrp
			--- [ost-startStop-1] o.a.c.c.C.[.[.[/]                        : Initializing Spring embedded WebApplicationContext
2018-01-08 10:07:53.323  INFO iamjrp
			--- [ost-startStop-1] o.s.w.c.ContextLoader                    : Root WebApplicationContext: initialization completed in 3690 ms
2018-01-08 10:07:53.578  INFO iamjrp
			--- [ost-startStop-1] o.s.b.w.s.ServletRegistrationBean        : Mapping servlet: 'dispatcherServlet' to [/]
2018-01-08 10:07:53.583  INFO iamjrp
			--- [ost-startStop-1] o.s.b.w.s.FilterRegistrationBean         : Mapping filter: 'characterEncodingFilter' to: [/*]
2018-01-08 10:07:53.584  INFO iamjrp
			--- [ost-startStop-1] o.s.b.w.s.FilterRegistrationBean         : Mapping filter: 'hiddenHttpMethodFilter' to: [/*]
2018-01-08 10:07:53.584  INFO iamjrp
			--- [ost-startStop-1] o.s.b.w.s.FilterRegistrationBean         : Mapping filter: 'httpPutFormContentFilter' to: [/*]
2018-01-08 10:07:53.585  INFO iamjrp
			--- [ost-startStop-1] o.s.b.w.s.FilterRegistrationBean         : Mapping filter: 'requestContextFilter' to: [/*]
2018-01-08 10:07:54.875  INFO iamjrp
			--- [  restartedMain] j.LocalContainerEntityManagerFactoryBean : Building JPA container EntityManagerFactory for persistence unit 'default'
2018-01-08 10:07:54.897  INFO iamjrp
			--- [  restartedMain] o.h.j.i.u.LogHelper                      : HHH000204: Processing PersistenceUnitInfo [
	name: default
	...]
2018-01-08 10:07:54.980  INFO iamjrp
			--- [  restartedMain] o.h.Version                              : HHH000412: Hibernate Core {5.0.12.Final}
2018-01-08 10:07:54.984  INFO iamjrp
			--- [  restartedMain] o.h.c.Environment                        : HHH000206: hibernate.properties not found
2018-01-08 10:07:54.986  INFO iamjrp
			--- [  restartedMain] o.h.c.Environment                        : HHH000021: Bytecode provider name : javassist
2018-01-08 10:07:55.027  INFO iamjrp
			--- [  restartedMain] o.h.a.c.Version                          : HCANN000001: Hibernate Commons Annotations {5.0.1.Final}
2018-01-08 10:07:55.206  INFO iamjrp
			--- [  restartedMain] o.h.d.Dialect                            : HHH000400: Using dialect: org.hibernate.dialect.MySQL5Dialect
2018-01-08 10:07:55.810  INFO iamjrp
			--- [  restartedMain] o.h.t.h.SchemaUpdate                     : HHH000228: Running hbm2ddl schema update
2018-01-08 10:07:55.943  INFO iamjrp
			--- [  restartedMain] j.LocalContainerEntityManagerFactoryBean : Initialized JPA EntityManagerFactory for persistence unit 'default'
2018-01-08 10:07:56.863  INFO iamjrp
			--- [  restartedMain] s.w.s.m.m.a.RequestMappingHandlerMapping : Mapped "{[/],methods=[GET]}" onto public java.lang.String com.demo.easynotes.controller.HomeController.home(org.springframework.ui.Model,java.lang.String)
2018-01-08 10:07:56.870  INFO iamjrp
			--- [  restartedMain] s.w.s.m.m.a.RequestMappingHandlerMapping : Mapped "{[/api/notes/{id}],methods=[GET]}" onto public org.springframework.http.ResponseEntity<com.demo.easynotes.model.Note> com.demo.easynotes.controller.NoteController.getNoteById(java.lang.Long)
2018-01-08 10:07:56.871  INFO iamjrp
			--- [  restartedMain] s.w.s.m.m.a.RequestMappingHandlerMapping : Mapped "{[/api/notes],methods=[POST]}" onto public com.demo.easynotes.model.Note com.demo.easynotes.controller.NoteController.createNote(com.demo.easynotes.model.Note)
2018-01-08 10:07:56.872  INFO iamjrp
			--- [  restartedMain] s.w.s.m.m.a.RequestMappingHandlerMapping : Mapped "{[/api/notes],methods=[GET]}" onto public java.util.List<com.demo.easynotes.model.Note> com.demo.easynotes.controller.NoteController.getAllNotes()
2018-01-08 10:07:56.872  INFO iamjrp
			--- [  restartedMain] s.w.s.m.m.a.RequestMappingHandlerMapping : Mapped "{[/api/notes/{id}],methods=[PUT]}" onto public org.springframework.http.ResponseEntity<com.demo.easynotes.model.Note> com.demo.easynotes.controller.NoteController.updateNote(java.lang.Long,com.demo.easynotes.model.Note)
2018-01-08 10:07:56.873  INFO iamjrp
			--- [  restartedMain] s.w.s.m.m.a.RequestMappingHandlerMapping : Mapped "{[/api/notes/{id}],methods=[DELETE]}" onto public org.springframework.http.ResponseEntity<com.demo.easynotes.model.Note> com.demo.easynotes.controller.NoteController.deleteNote(java.lang.Long)
2018-01-08 10:07:56.881  INFO iamjrp
			--- [  restartedMain] s.w.s.m.m.a.RequestMappingHandlerMapping : Mapped "{[/swagger-resources/configuration/security]}" onto public org.springframework.http.ResponseEntity<springfox.documentation.swagger.web.SecurityConfiguration> springfox.documentation.swagger.web.ApiResourceController.securityConfiguration()
2018-01-08 10:07:56.885  INFO iamjrp
			--- [  restartedMain] s.w.s.m.m.a.RequestMappingHandlerMapping : Mapped "{[/swagger-resources]}" onto public org.springframework.http.ResponseEntity<java.util.List<springfox.documentation.swagger.web.SwaggerResource>> springfox.documentation.swagger.web.ApiResourceController.swaggerResources()
2018-01-08 10:07:56.887  INFO iamjrp
			--- [  restartedMain] s.w.s.m.m.a.RequestMappingHandlerMapping : Mapped "{[/swagger-resources/configuration/ui]}" onto public org.springframework.http.ResponseEntity<springfox.documentation.swagger.web.UiConfiguration> springfox.documentation.swagger.web.ApiResourceController.uiConfiguration()
2018-01-08 10:07:56.893  INFO iamjrp
			--- [  restartedMain] s.w.s.m.m.a.RequestMappingHandlerMapping : Mapped "{[/error],produces=[text/html]}" onto public org.springframework.web.servlet.ModelAndView org.springframework.boot.autoconfigure.web.BasicErrorController.errorHtml(javax.servlet.http.HttpServletRequest,javax.servlet.http.HttpServletResponse)
2018-01-08 10:07:56.896  INFO iamjrp
			--- [  restartedMain] s.w.s.m.m.a.RequestMappingHandlerMapping : Mapped "{[/error]}" onto public org.springframework.http.ResponseEntity<java.util.Map<java.lang.String, java.lang.Object>> org.springframework.boot.autoconfigure.web.BasicErrorController.error(javax.servlet.http.HttpServletRequest)
2018-01-08 10:07:57.143  INFO iamjrp
			--- [  restartedMain] pertySourcedRequestMappingHandlerMapping : Mapped URL path [/v2/api-docs] onto method [public org.springframework.http.ResponseEntity<springfox.documentation.spring.web.json.Json> springfox.documentation.swagger2.web.Swagger2Controller.getDocumentation(java.lang.String,javax.servlet.http.HttpServletRequest)]
2018-01-08 10:07:57.527  INFO iamjrp
			--- [  restartedMain] s.w.s.m.m.a.RequestMappingHandlerAdapter : Looking for @ControllerAdvice: org.springframework.boot.context.embedded.AnnotationConfigEmbeddedWebApplicationContext@14364898: startup date [Mon Jan 08 10:07:49 IST 2018]; root of context hierarchy
2018-01-08 10:07:57.636  INFO iamjrp
			--- [  restartedMain] o.s.w.s.h.SimpleUrlHandlerMapping        : Mapped URL path [/webjars/**] onto handler of type [class org.springframework.web.servlet.resource.ResourceHttpRequestHandler]
2018-01-08 10:07:57.636  INFO iamjrp
			--- [  restartedMain] o.s.w.s.h.SimpleUrlHandlerMapping        : Mapped URL path [/**] onto handler of type [class org.springframework.web.servlet.resource.ResourceHttpRequestHandler]
2018-01-08 10:07:57.738  INFO iamjrp
			--- [  restartedMain] o.s.w.s.h.SimpleUrlHandlerMapping        : Mapped URL path [/**/favicon.ico] onto handler of type [class org.springframework.web.servlet.resource.ResourceHttpRequestHandler]
2018-01-08 10:07:58.746  INFO iamjrp
			--- [  restartedMain] o.s.b.d.a.OptionalLiveReloadServer       : LiveReload server is running on port 35729
2018-01-08 10:07:58.854  INFO iamjrp
			--- [  restartedMain] o.s.j.e.a.AnnotationMBeanExporter        : Registering beans for JMX exposure on startup
2018-01-08 10:07:58.883  INFO iamjrp
			--- [  restartedMain] o.s.c.s.DefaultLifecycleProcessor        : Starting beans in phase 2147483647
2018-01-08 10:07:58.885  INFO iamjrp
			--- [  restartedMain] d.s.w.p.DocumentationPluginsBootstrapper : Context refreshed
2018-01-08 10:07:58.955  INFO iamjrp
			--- [  restartedMain] d.s.w.p.DocumentationPluginsBootstrapper : Found 1 custom documentation plugin(s)
2018-01-08 10:07:59.036  INFO iamjrp
			--- [  restartedMain] s.d.s.w.s.ApiListingReferenceScanner     : Scanning for api listing references
2018-01-08 10:07:59.343  INFO iamjrp
			--- [  restartedMain] o.a.c.h.Http11NioProtocol                : Initializing ProtocolHandler ["http-nio-8080"]
2018-01-08 10:07:59.357  INFO iamjrp
			--- [  restartedMain] o.a.c.h.Http11NioProtocol                : Starting ProtocolHandler ["http-nio-8080"]
2018-01-08 10:07:59.362  INFO iamjrp
			--- [  restartedMain] o.a.t.u.n.NioSelectorPool                : Using a shared selector for servlet write/read
2018-01-08 10:07:59.426  INFO iamjrp
			--- [  restartedMain] s.b.c.e.t.TomcatEmbeddedServletContainer : Tomcat started on port(s): 8080 (http)
2018-01-08 10:07:59.433 DEBUG iamjrp
			--- [  restartedMain] c.d.e.EasyNotesApplication               : Debugging log
2018-01-08 10:07:59.433  INFO iamjrp
			--- [  restartedMain] c.d.e.EasyNotesApplication               : Info log
2018-01-08 10:07:59.433  WARN iamjrp
			--- [  restartedMain] c.d.e.EasyNotesApplication               : Hey, This is a warning!
2018-01-08 10:07:59.433 ERROR iamjrp
			--- [  restartedMain] c.d.e.EasyNotesApplication               : Oops! We have an Error. OK
2018-01-08 10:07:59.433 FATAL iamjrp
			--- [  restartedMain] c.d.e.EasyNotesApplication               : Damn! Fatal error. Please fix me.
2018-01-08 10:07:59.435  INFO iamjrp
			--- [  restartedMain] c.d.e.EasyNotesApplication               : Started EasyNotesApplication in 11.394 seconds (JVM running for 12.758)
2018-01-08 10:08:40.049  INFO iamjrp
			--- [on(2)-127.0.0.1] inMXBeanRegistrar$SpringApplicationAdmin : Application shutdown requested.
2018-01-08 10:08:40.050  INFO iamjrp
			--- [on(2)-127.0.0.1] ationConfigEmbeddedWebApplicationContext : Closing org.springframework.boot.context.embedded.AnnotationConfigEmbeddedWebApplicationContext@14364898: startup date [Mon Jan 08 10:07:49 IST 2018]; root of context hierarchy
2018-01-08 10:08:40.092  INFO iamjrp
			--- [on(2)-127.0.0.1] o.s.c.s.DefaultLifecycleProcessor        : Stopping beans in phase 2147483647
2018-01-08 10:08:40.095  INFO iamjrp
			--- [on(2)-127.0.0.1] o.s.j.e.a.AnnotationMBeanExporter        : Unregistering JMX-exposed beans on shutdown
2018-01-08 10:08:40.104  INFO iamjrp
			--- [on(2)-127.0.0.1] j.LocalContainerEntityManagerFactoryBean : Closing JPA EntityManagerFactory for persistence unit 'default'
